<?xml version="1.0" encoding="UTF-8"?>
<!-- Generated by org.testng.reporters.JUnitXMLReporter -->
<testsuite ignored="0" hostname="DESKTOP-BB34OQ0" failures="0" tests="1" name="Default test" time="6.117" errors="0" timestamp="2023-03-19T16:11:20 IST">
  <testcase classname="IPT_FrameworkTaskProgram.AdatinhotelappTestNG" name="@BeforeTest browserlaunch" time="6.061">
    <failure type="org.openqa.selenium.SessionNotCreatedException" message="session not created: This version of ChromeDriver only supports Chrome version 109
Current browser version is 111.0.5563.65 with binary path C:\Program Files\Google\Chrome\Application\chrome.exe
Build info: version: &amp;apos;3.141.59&amp;apos;, revision: &amp;apos;e82be7d358&amp;apos;, time: &amp;apos;2018-11-14T08:25:48&amp;apos;
System info: host: &amp;apos;DESKTOP-BB34OQ0&amp;apos;, ip: &amp;apos;192.168.43.118&amp;apos;, os.name: &amp;apos;Windows 11&amp;apos;, os.arch: &amp;apos;amd64&amp;apos;, os.version: &amp;apos;10.0&amp;apos;, java.version: &amp;apos;11.0.17&amp;apos;
Driver info: driver.version: ChromeDriver
remote stacktrace: Backtrace:
	(No symbol) [0x00316643]
	(No symbol) [0x002ABE21]
	(No symbol) [0x001ADA9D]
	(No symbol) [0x001D2911]
	(No symbol) [0x001CD630]
	(No symbol) [0x001CA899]
	(No symbol) [0x00206917]
	(No symbol) [0x0020655C]
	(No symbol) [0x001FFB76]
	(No symbol) [0x001D49C1]
	(No symbol) [0x001D5E5D]
	GetHandleVerifier [0x0058A142+2497106]
	GetHandleVerifier [0x005B85D3+2686691]
	GetHandleVerifier [0x005BBB9C+2700460]
	GetHandleVerifier [0x003C3B10+635936]
	(No symbol) [0x002B4A1F]
	(No symbol) [0x002BA418]
	(No symbol) [0x002BA505]
	(No symbol) [0x002C508B]
	BaseThreadInitThunk [0x76217D69+25]
	RtlInitializeExceptionChain [0x77C7BB9B+107]
	RtlClearBits [0x77C7BB1F+191]
	(No symbol) [0x00000000]
">
      <![CDATA[org.openqa.selenium.SessionNotCreatedException: session not created: This version of ChromeDriver only supports Chrome version 109
Current browser version is 111.0.5563.65 with binary path C:\Program Files\Google\Chrome\Application\chrome.exe
Build info: version: '3.141.59', revision: 'e82be7d358', time: '2018-11-14T08:25:48'
System info: host: 'DESKTOP-BB34OQ0', ip: '192.168.43.118', os.name: 'Windows 11', os.arch: 'amd64', os.version: '10.0', java.version: '11.0.17'
Driver info: driver.version: ChromeDriver
remote stacktrace: Backtrace:
(No symbol) [0x00316643]
(No symbol) [0x002ABE21]
(No symbol) [0x001ADA9D]
(No symbol) [0x001D2911]
(No symbol) [0x001CD630]
(No symbol) [0x001CA899]
(No symbol) [0x00206917]
(No symbol) [0x0020655C]
(No symbol) [0x001FFB76]
(No symbol) [0x001D49C1]
(No symbol) [0x001D5E5D]
GetHandleVerifier [0x0058A142+2497106]
GetHandleVerifier [0x005B85D3+2686691]
GetHandleVerifier [0x005BBB9C+2700460]
GetHandleVerifier [0x003C3B10+635936]
(No symbol) [0x002B4A1F]
(No symbol) [0x002BA418]
(No symbol) [0x002BA505]
(No symbol) [0x002C508B]
BaseThreadInitThunk [0x76217D69+25]
RtlInitializeExceptionChain [0x77C7BB9B+107]
RtlClearBits [0x77C7BB1F+191]
(No symbol) [0x00000000]

at java.base/jdk.internal.reflect.NativeConstructorAccessorImpl.newInstance0(Native Method)
at java.base/jdk.internal.reflect.NativeConstructorAccessorImpl.newInstance(NativeConstructorAccessorImpl.java:62)
at java.base/jdk.internal.reflect.DelegatingConstructorAccessorImpl.newInstance(DelegatingConstructorAccessorImpl.java:45)
at java.base/java.lang.reflect.Constructor.newInstance(Constructor.java:490)
at org.openqa.selenium.remote.W3CHandshakeResponse.lambda$errorHandler$0(W3CHandshakeResponse.java:62)
at org.openqa.selenium.remote.HandshakeResponse.lambda$getResponseFunction$0(HandshakeResponse.java:30)
at org.openqa.selenium.remote.ProtocolHandshake.lambda$createSession$0(ProtocolHandshake.java:126)
at java.base/java.util.stream.ReferencePipeline$3$1.accept(ReferencePipeline.java:195)
at java.base/java.util.Spliterators$ArraySpliterator.tryAdvance(Spliterators.java:958)
at java.base/java.util.stream.ReferencePipeline.forEachWithCancel(ReferencePipeline.java:127)
at java.base/java.util.stream.AbstractPipeline.copyIntoWithCancel(AbstractPipeline.java:502)
at java.base/java.util.stream.AbstractPipeline.copyInto(AbstractPipeline.java:488)
at java.base/java.util.stream.AbstractPipeline.wrapAndCopyInto(AbstractPipeline.java:474)
at java.base/java.util.stream.FindOps$FindOp.evaluateSequential(FindOps.java:150)
at java.base/java.util.stream.AbstractPipeline.evaluate(AbstractPipeline.java:234)
at java.base/java.util.stream.ReferencePipeline.findFirst(ReferencePipeline.java:543)
at org.openqa.selenium.remote.ProtocolHandshake.createSession(ProtocolHandshake.java:128)
at org.openqa.selenium.remote.ProtocolHandshake.createSession(ProtocolHandshake.java:74)
at org.openqa.selenium.remote.HttpCommandExecutor.execute(HttpCommandExecutor.java:136)
at org.openqa.selenium.remote.service.DriverCommandExecutor.execute(DriverCommandExecutor.java:83)
at org.openqa.selenium.remote.RemoteWebDriver.execute(RemoteWebDriver.java:552)
at org.openqa.selenium.remote.RemoteWebDriver.startSession(RemoteWebDriver.java:213)
at org.openqa.selenium.remote.RemoteWebDriver.<init>(RemoteWebDriver.java:131)
at org.openqa.selenium.chrome.ChromeDriver.<init>(ChromeDriver.java:181)
at org.openqa.selenium.chrome.ChromeDriver.<init>(ChromeDriver.java:168)
at org.openqa.selenium.chrome.ChromeDriver.<init>(ChromeDriver.java:123)
at IPT_FrameworkTaskProgram.AdatinhotelappTestNG.browserlaunch(AdatinhotelappTestNG.java:43)
at java.base/jdk.internal.reflect.NativeMethodAccessorImpl.invoke0(Native Method)
at java.base/jdk.internal.reflect.NativeMethodAccessorImpl.invoke(NativeMethodAccessorImpl.java:62)
at java.base/jdk.internal.reflect.DelegatingMethodAccessorImpl.invoke(DelegatingMethodAccessorImpl.java:43)
at java.base/java.lang.reflect.Method.invoke(Method.java:566)
at org.testng.internal.MethodInvocationHelper.invokeMethod(MethodInvocationHelper.java:133)
at org.testng.internal.MethodInvocationHelper.invokeMethodConsideringTimeout(MethodInvocationHelper.java:62)
at org.testng.internal.ConfigInvoker.invokeConfigurationMethod(ConfigInvoker.java:385)
at org.testng.internal.ConfigInvoker.invokeConfigurations(ConfigInvoker.java:321)
at org.testng.TestRunner.invokeTestConfigurations(TestRunner.java:637)
at org.testng.TestRunner.beforeRun(TestRunner.java:627)
at org.testng.TestRunner.run(TestRunner.java:589)
at org.testng.SuiteRunner.runTest(SuiteRunner.java:377)
at org.testng.SuiteRunner.runSequentially(SuiteRunner.java:371)
at org.testng.SuiteRunner.privateRun(SuiteRunner.java:332)
at org.testng.SuiteRunner.run(SuiteRunner.java:276)
at org.testng.SuiteRunnerWorker.runSuite(SuiteRunnerWorker.java:53)
at org.testng.SuiteRunnerWorker.run(SuiteRunnerWorker.java:96)
at org.testng.TestNG.runSuitesSequentially(TestNG.java:1212)
at org.testng.TestNG.runSuitesLocally(TestNG.java:1134)
at org.testng.TestNG.runSuites(TestNG.java:1063)
at org.testng.TestNG.run(TestNG.java:1031)
at org.testng.remote.AbstractRemoteTestNG.run(AbstractRemoteTestNG.java:115)
at org.testng.remote.RemoteTestNG.initAndRun(RemoteTestNG.java:251)
at org.testng.remote.RemoteTestNG.main(RemoteTestNG.java:77)
]]>
    </failure>
  </testcase> <!-- @BeforeTest browserlaunch -->
  <testcase classname="IPT_FrameworkTaskProgram.AdatinhotelappTestNG" name="@BeforeClass adatinURLLaunch" time="-1.679222480826E9">
    <skipped/>
  </testcase> <!-- @BeforeClass adatinURLLaunch -->
  <testcase classname="IPT_FrameworkTaskProgram.AdatinhotelappTestNG" name="@BeforeMethod adatinHotelLoginCredentials" time="-1.67922248084E9">
    <skipped/>
  </testcase> <!-- @BeforeMethod adatinHotelLoginCredentials -->
  <testcase classname="IPT_FrameworkTaskProgram.AdatinhotelappTestNG" name="@AfterMethod adatinHotelLogout" time="-1.679222480849E9">
    <skipped/>
  </testcase> <!-- @AfterMethod adatinHotelLogout -->
  <testcase classname="IPT_FrameworkTaskProgram.AdatinhotelappTestNG" name="@AfterTest afterTestt" time="-1.679222480855E9">
    <skipped/>
  </testcase> <!-- @AfterTest afterTestt -->
  <testcase classname="IPT_FrameworkTaskProgram.AdatinhotelappTestNG" name="adatinhotelBooking" time="0.0">
    <skipped/>
  </testcase> <!-- adatinhotelBooking -->
</testsuite> <!-- Default test -->
